<?xml version="1.0" encoding="UTF-8" standalone="no"?>
<catalog prefer="public" xmlns="urn:oasis:names:tc:entity:xmlns:xml:catalog">
	<uri id="User Entered Import Resolution" name="http://purl.obolibrary.org/obo/go.owl"
		uri="imports/go.owl" />
</catalog>
